<?xml version="1.0" encoding="UTF-8"?>
<testng-results skipped="0" failed="0" ignored="0" total="1" passed="1">
  <reporter-output>
  </reporter-output>
  <suite name="Default suite" duration-ms="1485" started-at="2017-05-24T09:26:22Z" finished-at="2017-05-24T09:26:24Z">
    <groups>
    </groups>
    <test name="Default test" duration-ms="1485" started-at="2017-05-24T09:26:22Z" finished-at="2017-05-24T09:26:24Z">
      <class name="test.api.automation.TC_005_POSTMethodTestcase">
        <test-method status="PASS" signature="validate_TC_005_POSTMethodTestcase()[pri:0, instance:test.api.automation.TC_005_POSTMethodTestcase@26653222]" name="validate_TC_005_POSTMethodTestcase" duration-ms="1461" started-at="2017-05-24T14:56:22Z" finished-at="2017-05-24T14:56:24Z">
          <reporter-output>
          </reporter-output>
        </test-method> <!-- validate_TC_005_POSTMethodTestcase -->
      </class> <!-- test.api.automation.TC_005_POSTMethodTestcase -->
    </test> <!-- Default test -->
  </suite> <!-- Default suite -->
</testng-results>
