<?xml version="1.0" encoding="UTF-8"?>
<testng-results skipped="0" failed="0" ignored="0" total="1" passed="1">
  <reporter-output>
  </reporter-output>
  <suite name="Suite" duration-ms="1682" started-at="2017-05-25T11:15:10Z" finished-at="2017-05-25T11:15:11Z">
    <groups>
    </groups>
    <test name="Test" duration-ms="1682" started-at="2017-05-25T11:15:10Z" finished-at="2017-05-25T11:15:11Z">
      <class name="api.automation.JIRA.Testcase_001">
        <test-method status="PASS" signature="tcase1()[pri:0, instance:api.automation.JIRA.Testcase_001@4973813a]" name="tcase1" duration-ms="1657" started-at="2017-05-25T16:45:10Z" finished-at="2017-05-25T16:45:11Z">
          <reporter-output>
          </reporter-output>
        </test-method> <!-- tcase1 -->
      </class> <!-- api.automation.JIRA.Testcase_001 -->
    </test> <!-- Test -->
  </suite> <!-- Suite -->
</testng-results>
